<?xml version="1.0" encoding="UTF-8"?>
<robot generator="Robot 6.0.2 (Python 3.11.1 on win32)" generated="20230426 13:22:07.405" rpa="false" schemaversion="3">
<suite id="s1" name="Demo" source="C:\Users\vijay\PycharmProjects\pythonProject3\pythonProject2\RobotFiles\demo.robot">
<test id="s1-t1" name="ScrollingTest" line="5">
<kw name="Open Browser" library="SeleniumLibrary">
<arg>https://www.amazon.in/</arg>
<arg>chrome</arg>
<doc>Opens a new browser instance to the optional ``url``.</doc>
<msg timestamp="20230426 13:22:07.957" level="INFO">Opening browser 'chrome' to base url 'https://www.amazon.in/'.</msg>
<msg timestamp="20230426 13:22:12.516" level="INFO">Cannot capture screenshot because no browser is open.</msg>
<msg timestamp="20230426 13:22:12.516" level="FAIL">SessionNotCreatedException: Message: session not created: This version of ChromeDriver only supports Chrome version 110
Current browser version is 112.0.5615.138 with binary path C:\Program Files (x86)\Google\Chrome\Application\chrome.exe
Stacktrace:
Backtrace:
	(No symbol) [0x00BD37D3]
	(No symbol) [0x00B68B81]
	(No symbol) [0x00A6B36D]
	(No symbol) [0x00A8ED6D]
	(No symbol) [0x00A89B90]
	(No symbol) [0x00A86FC9]
	(No symbol) [0x00AC1ED5]
	(No symbol) [0x00AC1B2C]
	(No symbol) [0x00ABB216]
	(No symbol) [0x00A90D97]
	(No symbol) [0x00A9253D]
	GetHandleVerifier [0x00E4ABF2+2510930]
	GetHandleVerifier [0x00E78EC1+2700065]
	GetHandleVerifier [0x00E7C86C+2714828]
	GetHandleVerifier [0x00C83480+645344]
	(No symbol) [0x00B70FD2]
	(No symbol) [0x00B76C68]
	(No symbol) [0x00B76D4B]
	(No symbol) [0x00B80D6B]
	BaseThreadInitThunk [0x77097D49+25]
	RtlInitializeExceptionChain [0x77C8B74B+107]
	RtlClearBits [0x77C8B6CF+191]
</msg>
<status status="FAIL" starttime="20230426 13:22:07.957" endtime="20230426 13:22:12.516"/>
</kw>
<kw name="Maximize Browser Window" library="SeleniumLibrary">
<doc>Maximizes current browser window.</doc>
<status status="NOT RUN" starttime="20230426 13:22:12.516" endtime="20230426 13:22:12.516"/>
</kw>
<kw name="Execute Javascript" library="SeleniumLibrary">
<arg>window.scrollTo(0,document.body.scrollHeight)</arg>
<doc>Executes the given JavaScript code with possible arguments.</doc>
<status status="NOT RUN" starttime="20230426 13:22:12.516" endtime="20230426 13:22:12.516"/>
</kw>
<kw name="Sleep" library="BuiltIn">
<arg>5</arg>
<doc>Pauses the test executed for the given time.</doc>
<status status="NOT RUN" starttime="20230426 13:22:12.531" endtime="20230426 13:22:12.531"/>
</kw>
<kw name="Execute Javascript" library="SeleniumLibrary">
<arg>window.scrollTo(0,-document.body.scrollHeight)</arg>
<doc>Executes the given JavaScript code with possible arguments.</doc>
<status status="NOT RUN" starttime="20230426 13:22:12.532" endtime="20230426 13:22:12.532"/>
</kw>
<kw name="Sleep" library="BuiltIn">
<arg>2</arg>
<doc>Pauses the test executed for the given time.</doc>
<status status="NOT RUN" starttime="20230426 13:22:12.532" endtime="20230426 13:22:12.532"/>
</kw>
<status status="FAIL" starttime="20230426 13:22:07.957" endtime="20230426 13:22:12.532">SessionNotCreatedException: Message: session not created: This version of ChromeDriver only supports Chrome version 110
Current browser version is 112.0.5615.138 with binary path C:\Program Files (x86)\Google\Chrome\Application\chrome.exe
Stacktrace:
Backtrace:
	(No symbol) [0x00BD37D3]
	(No symbol) [0x00B68B81]
	(No symbol) [0x00A6B36D]
	(No symbol) [0x00A8ED6D]
	(No symbol) [0x00A89B90]
	(No symbol) [0x00A86FC9]
	(No symbol) [0x00AC1ED5]
	(No symbol) [0x00AC1B2C]
	(No symbol) [0x00ABB216]
	(No symbol) [0x00A90D97]
	(No symbol) [0x00A9253D]
	GetHandleVerifier [0x00E4ABF2+2510930]
	GetHandleVerifier [0x00E78EC1+2700065]
	GetHandleVerifier [0x00E7C86C+2714828]
	GetHandleVerifier [0x00C83480+645344]
	(No symbol) [0x00B70FD2]
	(No symbol) [0x00B76C68]
	(No symbol) [0x00B76D4B]
	(No symbol) [0x00B80D6B]
	BaseThreadInitThunk [0x77097D49+25]
	RtlInitializeExceptionChain [0x77C8B74B+107]
	RtlClearBits [0x77C8B6CF+191]
</status>
</test>
<status status="FAIL" starttime="20230426 13:22:07.405" endtime="20230426 13:22:12.547"/>
</suite>
<statistics>
<total>
<stat pass="0" fail="1" skip="0">All Tests</stat>
</total>
<tag>
</tag>
<suite>
<stat pass="0" fail="1" skip="0" id="s1" name="Demo">Demo</stat>
</suite>
</statistics>
<errors>
</errors>
</robot>
